# JRE version: Java(TM) SE Runtime Environment (8.0_144-b01) (build 1.8.0_144-b01)
# Java VM: Java HotSpot(TM) 64-Bit Server VM (25.144-b01 mixed mode windows-amd64 compressed oops)
Heap:
 PSYoungGen      total 337408K, used 256142K [0x0000000780980000, 0x00000007a6c80000, 0x00000007c0000000)
  eden space 336896K, 76% used [0x0000000780980000,0x000000079038ba30,0x0000000795280000)
  from space 512K, 18% used [0x00000007a6c00000,0x00000007a6c18000,0x00000007a6c80000)
  to   space 512K, 0% used [0x00000007a6b80000,0x00000007a6b80000,0x00000007a6c00000)
 ParOldGen       total 131072K, used 4318K [0x0000000701c00000, 0x0000000709c00000, 0x0000000780980000)
  object space 131072K, 3% used [0x0000000701c00000,0x0000000702037ae8,0x0000000709c00000)
 Metaspace       used 8844K, capacity 9062K, committed 9344K, reserved 1056768K
  class space    used 1016K, capacity 1085K, committed 1152K, reserved 1048576K
GC Heap History (10 events):
Event: 205.982 GC heap before
{Heap before GC invocations=374 (full 0):
 PSYoungGen      total 335360K, used 334944K [0x0000000780980000, 0x00000007a6c80000, 0x00000007c0000000)
  eden space 334848K, 100% used [0x0000000780980000,0x0000000795080000,0x0000000795080000)
  from space 512K, 18% used [0x00000007a6b80000,0x00000007a6b98000,0x00000007a6c00000)
  to   space 512K, 0% used [0x00000007a6c00000,0x00000007a6c00000,0x00000007a6c80000)
 ParOldGen       total 131072K, used 4318K [0x0000000701c00000, 0x0000000709c00000, 0x0000000780980000)
  object space 131072K, 3% used [0x0000000701c00000,0x0000000702037ae8,0x0000000709c00000)
 Metaspace       used 8843K, capacity 9062K, committed 9344K, reserved 1056768K
  class space    used 1016K, capacity 1085K, committed 1152K, reserved 1048576K
Event: 205.983 GC heap after
Heap after GC invocations=374 (full 0):
 PSYoungGen      total 321024K, used 96K [0x0000000780980000, 0x00000007a6c80000, 0x00000007c0000000)
  eden space 320512K, 0% used [0x0000000780980000,0x0000000780980000,0x0000000794280000)
  from space 512K, 18% used [0x00000007a6c00000,0x00000007a6c18000,0x00000007a6c80000)
  to   space 512K, 0% used [0x00000007a6b80000,0x00000007a6b80000,0x00000007a6c00000)
 ParOldGen       total 131072K, used 4318K [0x0000000701c00000, 0x0000000709c00000, 0x0000000780980000)
  object space 131072K, 3% used [0x0000000701c00000,0x0000000702037ae8,0x0000000709c00000)
 Metaspace       used 8843K, capacity 9062K, committed 9344K, reserved 1056768K
  class space    used 1016K, capacity 1085K, committed 1152K, reserved 1048576K
}
Event: 206.549 GC heap before
{Heap before GC invocations=375 (full 0):
 PSYoungGen      total 321024K, used 320608K [0x0000000780980000, 0x00000007a6c80000, 0x00000007c0000000)
  eden space 320512K, 100% used [0x0000000780980000,0x0000000794280000,0x0000000794280000)
  from space 512K, 18% used [0x00000007a6c00000,0x00000007a6c18000,0x00000007a6c80000)
  to   space 512K, 0% used [0x00000007a6b80000,0x00000007a6b80000,0x00000007a6c00000)
 ParOldGen       total 131072K, used 4318K [0x0000000701c00000, 0x0000000709c00000, 0x0000000780980000)
  object space 131072K, 3% used [0x0000000701c00000,0x0000000702037ae8,0x0000000709c00000)
 Metaspace       used 8843K, capacity 9062K, committed 9344K, reserved 1056768K
  class space    used 1016K, capacity 1085K, committed 1152K, reserved 1048576K
Event: 206.549 GC heap after
Heap after GC invocations=375 (full 0):
 PSYoungGen      total 307200K, used 96K [0x0000000780980000, 0x00000007a6c80000, 0x00000007c0000000)
  eden space 306688K, 0% used [0x0000000780980000,0x0000000780980000,0x0000000793500000)
  from space 512K, 18% used [0x00000007a6b80000,0x00000007a6b98000,0x00000007a6c00000)
  to   space 512K, 0% used [0x00000007a6c00000,0x00000007a6c00000,0x00000007a6c80000)
 ParOldGen       total 131072K, used 4318K [0x0000000701c00000, 0x0000000709c00000, 0x0000000780980000)
  object space 131072K, 3% used [0x0000000701c00000,0x0000000702037ae8,0x0000000709c00000)
 Metaspace       used 8843K, capacity 9062K, committed 9344K, reserved 1056768K
  class space    used 1016K, capacity 1085K, committed 1152K, reserved 1048576K
}
Event: 207.112 GC heap before
{Heap before GC invocations=376 (full 0):
 PSYoungGen      total 307200K, used 306784K [0x0000000780980000, 0x00000007a6c80000, 0x00000007c0000000)
  eden space 306688K, 100% used [0x0000000780980000,0x0000000793500000,0x0000000793500000)
  from space 512K, 18% used [0x00000007a6b80000,0x00000007a6b98000,0x00000007a6c00000)
  to   space 512K, 0% used [0x00000007a6c00000,0x00000007a6c00000,0x00000007a6c80000)
 ParOldGen       total 131072K, used 4318K [0x0000000701c00000, 0x0000000709c00000, 0x0000000780980000)
  object space 131072K, 3% used [0x0000000701c00000,0x0000000702037ae8,0x0000000709c00000)
 Metaspace       used 8843K, capacity 9062K, committed 9344K, reserved 1056768K
  class space    used 1016K, capacity 1085K, committed 1152K, reserved 1048576K
Event: 207.133 GC heap after
Heap after GC invocations=376 (full 0):
 PSYoungGen      total 368640K, used 64K [0x0000000780980000, 0x00000007a6c80000, 0x00000007c0000000)
  eden space 368128K, 0% used [0x0000000780980000,0x0000000780980000,0x0000000797100000)
  from space 512K, 12% used [0x00000007a6c00000,0x00000007a6c10000,0x00000007a6c80000)
  to   space 512K, 0% used [0x00000007a6b80000,0x00000007a6b80000,0x00000007a6c00000)
 ParOldGen       total 131072K, used 4318K [0x0000000701c00000, 0x0000000709c00000, 0x0000000780980000)
  object space 131072K, 3% used [0x0000000701c00000,0x0000000702037ae8,0x0000000709c00000)
 Metaspace       used 8843K, capacity 9062K, committed 9344K, reserved 1056768K
  class space    used 1016K, capacity 1085K, committed 1152K, reserved 1048576K
}
Event: 207.811 GC heap before
{Heap before GC invocations=377 (full 0):
 PSYoungGen      total 368640K, used 368192K [0x0000000780980000, 0x00000007a6c80000, 0x00000007c0000000)
  eden space 368128K, 100% used [0x0000000780980000,0x0000000797100000,0x0000000797100000)
  from space 512K, 12% used [0x00000007a6c00000,0x00000007a6c10000,0x00000007a6c80000)
  to   space 512K, 0% used [0x00000007a6b80000,0x00000007a6b80000,0x00000007a6c00000)
 ParOldGen       total 131072K, used 4318K [0x0000000701c00000, 0x0000000709c00000, 0x0000000780980000)
  object space 131072K, 3% used [0x0000000701c00000,0x0000000702037ae8,0x0000000709c00000)
 Metaspace       used 8843K, capacity 9062K, committed 9344K, reserved 1056768K
  class space    used 1016K, capacity 1085K, committed 1152K, reserved 1048576K
Event: 207.813 GC heap after
Heap after GC invocations=377 (full 0):
 PSYoungGen      total 352768K, used 96K [0x0000000780980000, 0x00000007a6c80000, 0x00000007c0000000)
  eden space 352256K, 0% used [0x0000000780980000,0x0000000780980000,0x0000000796180000)
  from space 512K, 18% used [0x00000007a6b80000,0x00000007a6b98000,0x00000007a6c00000)
  to   space 512K, 0% used [0x00000007a6c00000,0x00000007a6c00000,0x00000007a6c80000)
 ParOldGen       total 131072K, used 4318K [0x0000000701c00000, 0x0000000709c00000, 0x0000000780980000)
  object space 131072K, 3% used [0x0000000701c00000,0x0000000702037ae8,0x0000000709c00000)
 Metaspace       used 8843K, capacity 9062K, committed 9344K, reserved 1056768K
  class space    used 1016K, capacity 1085K, committed 1152K, reserved 1048576K
}
Event: 208.490 GC heap before
{Heap before GC invocations=378 (full 0):
 PSYoungGen      total 352768K, used 352352K [0x0000000780980000, 0x00000007a6c80000, 0x00000007c0000000)
  eden space 352256K, 100% used [0x0000000780980000,0x0000000796180000,0x0000000796180000)
  from space 512K, 18% used [0x00000007a6b80000,0x00000007a6b98000,0x00000007a6c00000)
  to   space 512K, 0% used [0x00000007a6c00000,0x00000007a6c00000,0x00000007a6c80000)
 ParOldGen       total 131072K, used 4318K [0x0000000701c00000, 0x0000000709c00000, 0x0000000780980000)
  object space 131072K, 3% used [0x0000000701c00000,0x0000000702037ae8,0x0000000709c00000)
 Metaspace       used 8843K, capacity 9062K, committed 9344K, reserved 1056768K
  class space    used 1016K, capacity 1085K, committed 1152K, reserved 1048576K
Event: 208.491 GC heap after
Heap after GC invocations=378 (full 0):
 PSYoungGen      total 337408K, used 96K [0x0000000780980000, 0x00000007a6c80000, 0x00000007c0000000)
  eden space 336896K, 0% used [0x0000000780980000,0x0000000780980000,0x0000000795280000)
  from space 512K, 18% used [0x00000007a6c00000,0x00000007a6c18000,0x00000007a6c80000)
  to   space 512K, 0% used [0x00000007a6b80000,0x00000007a6b80000,0x00000007a6c00000)
 ParOldGen       total 131072K, used 4318K [0x0000000701c00000, 0x0000000709c00000, 0x0000000780980000)
  object space 131072K, 3% used [0x0000000701c00000,0x0000000702037ae8,0x0000000709c00000)
 Metaspace       used 8843K, capacity 9062K, committed 9344K, reserved 1056768K
  class space    used 1016K, capacity 1085K, committed 1152K, reserved 1048576K
}

